hellocharts-library/build/outputs/logs/manifest-merger-debug-report.txt
-- Merging decision tree log ---
manifest
ADDED from open_chart/hellocharts-library/AndroidManifest.xml:2:1-7:12
INJECTED from open_chart/hellocharts-library/AndroidManifest.xml:2:1-7:12
INJECTED from open_chart/hellocharts-library/AndroidManifest.xml:2:1-7:12
INJECTED from open_chart/hellocharts-library/AndroidManifest.xml:2:1-7:12
INJECTED from open_chart/hellocharts-library/AndroidManifest.xml:2:1-7:12
INJECTED from open_chart/hellocharts-library/AndroidManifest.xml:2:1-7:12
INJECTED from open_chart/hellocharts-library/AndroidManifest.xml:2:1-7:12
	package
		ADDED from open_chart/hellocharts-library/AndroidManifest.xml:3:5-36
		INJECTED from open_chart/hellocharts-library/AndroidManifest.xml
		INJECTED from open_chart/hellocharts-library/AndroidManifest.xml
	android:versionName
		ADDED from open_chart/hellocharts-library/AndroidManifest.xml:5:5-32
		INJECTED from open_chart/hellocharts-library/AndroidManifest.xml
		INJECTED from open_chart/hellocharts-library/AndroidManifest.xml
	xmlns:android
		ADDED from open_chart/hellocharts-library/AndroidManifest.xml:2:11-69
	android:versionCode
		ADDED from open_chart/hellocharts-library/AndroidManifest.xml:4:5-29
		INJECTED from open_chart/hellocharts-library/AndroidManifest.xml
		INJECTED from open_chart/hellocharts-library/AndroidManifest.xml
uses-sdk
INJECTED from open_chart/hellocharts-library/AndroidManifest.xml reason: use-sdk injection requested
INJECTED from open_chart/hellocharts-library/AndroidManifest.xml
INJECTED from open_chart/hellocharts-library/AndroidManifest.xml
INJECTED from open_chart/hellocharts-library/AndroidManifest.xml
INJECTED from open_chart/hellocharts-library/AndroidManifest.xml
	android:targetSdkVersion
		INJECTED from open_chart/hellocharts-library/AndroidManifest.xml
		ADDED from open_chart/hellocharts-library/AndroidManifest.xml
		INJECTED from open_chart/hellocharts-library/AndroidManifest.xml
	android:minSdkVersion
		INJECTED from open_chart/hellocharts-library/AndroidManifest.xml
		ADDED from open_chart/hellocharts-library/AndroidManifest.xml
		INJECTED from open_chart/hellocharts-library/AndroidManifest.xml